<?xml version="1.0" encoding="UTF-8"?>
<testng-results skipped="0" failed="1" total="4" passed="3">
  <reporter-output>
  </reporter-output>
  <suite name="Default suite" duration-ms="19725" started-at="2019-11-13T03:38:41Z" finished-at="2019-11-13T03:39:01Z">
    <groups>
    </groups>
    <test name="Default test" duration-ms="19725" started-at="2019-11-13T03:38:41Z" finished-at="2019-11-13T03:39:01Z">
      <class name="com.PageObject.com.ranford3.TestExecution">
        <test-method status="PASS" signature="verify_launch()[pri:0, instance:com.PageObject.com.ranford3.TestExecution@66d33a]" name="verify_launch" duration-ms="17033" started-at="2019-11-13T09:08:41Z" finished-at="2019-11-13T09:08:59Z">
          <reporter-output>
          </reporter-output>
        </test-method> <!-- verify_launch -->
        <test-method status="PASS" signature="verify_login()[pri:1, instance:com.PageObject.com.ranford3.TestExecution@66d33a]" name="verify_login" duration-ms="1756" started-at="2019-11-13T09:08:59Z" finished-at="2019-11-13T09:09:00Z">
          <reporter-output>
          </reporter-output>
        </test-method> <!-- verify_login -->
        <test-method status="PASS" signature="branches_click()[pri:2, instance:com.PageObject.com.ranford3.TestExecution@66d33a]" name="branches_click" duration-ms="414" started-at="2019-11-13T09:09:00Z" finished-at="2019-11-13T09:09:01Z">
          <reporter-output>
          </reporter-output>
        </test-method> <!-- branches_click -->
        <test-method status="FAIL" signature="verify_Branches()[pri:3, instance:com.PageObject.com.ranford3.TestExecution@66d33a]" name="verify_Branches" duration-ms="450" started-at="2019-11-13T09:09:01Z" finished-at="2019-11-13T09:09:01Z">
          <exception class="java.lang.NullPointerException">
            <full-stacktrace>
              <![CDATA[java.lang.NullPointerException
	at TestBase.Base.getElement(Base.java:40)
	at com.PageObject.com.ranford3.Branch_Creation.submit(Branch_Creation.java:41)
	at com.PageObject.com.ranford3.Reprository.BranchCreation_TC(Reprository.java:81)
	at com.PageObject.com.ranford3.TestExecution.verify_Branches(TestExecution.java:28)
	at sun.reflect.NativeMethodAccessorImpl.invoke0(Native Method)
	at sun.reflect.NativeMethodAccessorImpl.invoke(NativeMethodAccessorImpl.java:62)
	at sun.reflect.DelegatingMethodAccessorImpl.invoke(DelegatingMethodAccessorImpl.java:43)
	at java.lang.reflect.Method.invoke(Method.java:498)
	at org.testng.internal.MethodInvocationHelper.invokeMethod(MethodInvocationHelper.java:85)
	at org.testng.internal.Invoker.invokeMethod(Invoker.java:639)
	at org.testng.internal.Invoker.invokeTestMethod(Invoker.java:816)
	at org.testng.internal.Invoker.invokeTestMethods(Invoker.java:1124)
	at org.testng.internal.TestMethodWorker.invokeTestMethods(TestMethodWorker.java:125)
	at org.testng.internal.TestMethodWorker.run(TestMethodWorker.java:108)
	at org.testng.TestRunner.privateRun(TestRunner.java:774)
	at org.testng.TestRunner.run(TestRunner.java:624)
	at org.testng.SuiteRunner.runTest(SuiteRunner.java:359)
	at org.testng.SuiteRunner.runSequentially(SuiteRunner.java:354)
	at org.testng.SuiteRunner.privateRun(SuiteRunner.java:312)
	at org.testng.SuiteRunner.run(SuiteRunner.java:261)
	at org.testng.SuiteRunnerWorker.runSuite(SuiteRunnerWorker.java:52)
	at org.testng.SuiteRunnerWorker.run(SuiteRunnerWorker.java:86)
	at org.testng.TestNG.runSuitesSequentially(TestNG.java:1215)
	at org.testng.TestNG.runSuitesLocally(TestNG.java:1140)
	at org.testng.TestNG.run(TestNG.java:1048)
	at org.testng.remote.RemoteTestNG.run(RemoteTestNG.java:112)
	at org.testng.remote.RemoteTestNG.initAndRun(RemoteTestNG.java:205)
	at org.testng.remote.RemoteTestNG.main(RemoteTestNG.java:176)
]]>
            </full-stacktrace>
          </exception> <!-- java.lang.NullPointerException -->
          <reporter-output>
          </reporter-output>
        </test-method> <!-- verify_Branches -->
      </class> <!-- com.PageObject.com.ranford3.TestExecution -->
    </test> <!-- Default test -->
  </suite> <!-- Default suite -->
</testng-results>
